eddie@mac portal % ls ~/baseframework/portal/packages > a.out

features
i18n
next
shared
supabase
ui

eddie@mac portal % ls ~/baseframework/portal/packages/*/src
/Users/eddie/baseframework/portal/packages/i18n/src:
create-i18n-settings.ts
i18n-provider.tsx
i18n.client.ts
i18n.server.ts
index.ts

/Users/eddie/baseframework/portal/packages/next/src:
actions
routes
utils

/Users/eddie/baseframework/portal/packages/shared/src:
events
hooks
logger
utils.ts

/Users/eddie/baseframework/portal/packages/supabase/src:
auth-callback.service.ts
auth.ts
check-requires-mfa.ts
clients
database.types.ts
get-service-role-key.ts
get-supabase-client-keys.ts
hooks
require-user.ts

/Users/eddie/baseframework/portal/packages/ui/src:
hooks
lib
makerkit
shadcn
